Determining if the pthread_create exist failed with the following output:
Change Dir: /home/cal/hrwros_ws/build/hrwros_msgs/CMakeFiles/CMakeTmp

Run Build Command:"/usr/bin/make" "cmTC_d96fd/fast"
/usr/bin/make -f CMakeFiles/cmTC_d96fd.dir/build.make CMakeFiles/cmTC_d96fd.dir/build
make[1]: Entering directory '/home/cal/hrwros_ws/build/hrwros_msgs/CMakeFiles/CMakeTmp'
Building C object CMakeFiles/cmTC_d96fd.dir/CheckSymbolExists.c.o
/usr/bin/cc    -o CMakeFiles/cmTC_d96fd.dir/CheckSymbolExists.c.o   -c /home/cal/hrwros_ws/build/hrwros_msgs/CMakeFiles/CMakeTmp/CheckSymbolExists.c
Linking C executable cmTC_d96fd
/usr/bin/cmake -E cmake_link_script CMakeFiles/cmTC_d96fd.dir/link.txt --verbose=1
/usr/bin/cc      -rdynamic CMakeFiles/cmTC_d96fd.dir/CheckSymbolExists.c.o  -o cmTC_d96fd 
CMakeFiles/cmTC_d96fd.dir/CheckSymbolExists.c.o: In function `main':
CheckSymbolExists.c:(.text+0x1b): undefined reference to `pthread_create'
collect2: error: ld returned 1 exit status
CMakeFiles/cmTC_d96fd.dir/build.make:97: recipe for target 'cmTC_d96fd' failed
make[1]: *** [cmTC_d96fd] Error 1
make[1]: Leaving directory '/home/cal/hrwros_ws/build/hrwros_msgs/CMakeFiles/CMakeTmp'
Makefile:126: recipe for target 'cmTC_d96fd/fast' failed
make: *** [cmTC_d96fd/fast] Error 2

File /home/cal/hrwros_ws/build/hrwros_msgs/CMakeFiles/CMakeTmp/CheckSymbolExists.c:
/* */
#include <pthread.h>

int main(int argc, char** argv)
{
  (void)argv;
#ifndef pthread_create
  return ((int*)(&pthread_create))[argc];
#else
  (void)argc;
  return 0;
#endif
}

Determining if the function pthread_create exists in the pthreads failed with the following output:
Change Dir: /home/cal/hrwros_ws/build/hrwros_msgs/CMakeFiles/CMakeTmp

Run Build Command:"/usr/bin/make" "cmTC_01f83/fast"
/usr/bin/make -f CMakeFiles/cmTC_01f83.dir/build.make CMakeFiles/cmTC_01f83.dir/build
make[1]: Entering directory '/home/cal/hrwros_ws/build/hrwros_msgs/CMakeFiles/CMakeTmp'
Building C object CMakeFiles/cmTC_01f83.dir/CheckFunctionExists.c.o
/usr/bin/cc   -DCHECK_FUNCTION_EXISTS=pthread_create   -o CMakeFiles/cmTC_01f83.dir/CheckFunctionExists.c.o   -c /usr/share/cmake-3.10/Modules/CheckFunctionExists.c
Linking C executable cmTC_01f83
/usr/bin/cmake -E cmake_link_script CMakeFiles/cmTC_01f83.dir/link.txt --verbose=1
/usr/bin/cc  -DCHECK_FUNCTION_EXISTS=pthread_create    -rdynamic CMakeFiles/cmTC_01f83.dir/CheckFunctionExists.c.o  -o cmTC_01f83 -lpthreads 
/usr/bin/ld: cannot find -lpthreads
collect2: error: ld returned 1 exit status
CMakeFiles/cmTC_01f83.dir/build.make:97: recipe for target 'cmTC_01f83' failed
make[1]: *** [cmTC_01f83] Error 1
make[1]: Leaving directory '/home/cal/hrwros_ws/build/hrwros_msgs/CMakeFiles/CMakeTmp'
Makefile:126: recipe for target 'cmTC_01f83/fast' failed
make: *** [cmTC_01f83/fast] Error 2


